<?xml version="1.0" encoding="UTF-8"?>
<!-- Generated by org.testng.reporters.JUnitXMLReporter -->
<testsuite ignored="0" hostname="CHDSEZ341618L" failures="4" tests="7" name="ContactPage Test Cases" time="78.325" errors="0" timestamp="2024-09-16T21:25:10 IST">
  <testcase classname="com.qa.tests.TC_ContactPageTest" name="verifyEmailIDTest" time="6.301"/>
  <testcase classname="com.qa.tests.TC_ContactPageTest" name="verifyEmailIDTest" time="8.617"/>
  <testcase classname="com.qa.tests.TC_ContactPageTest" name="verifyEmailIDTest" time="9.327"/>
  <testcase classname="com.qa.tests.TC_ContactPageTest" name="verifyEmailIDTest" time="10.29">
    <failure type="java.lang.AssertionError" message="The following asserts failed:
	Invalid Email address expected [true] but found [false]">
      <![CDATA[java.lang.AssertionError: The following asserts failed:
Invalid Email address expected [true] but found [false]
at com.qa.tests.TC_ContactPageTest.verifyEmailIDTest(TC_ContactPageTest.java:29)
at java.base/java.util.ArrayList.forEach(ArrayList.java:1511)
... Removed 29 stack frames]]>
    </failure>
  </testcase> <!-- verifyEmailIDTest -->
  <testcase classname="com.qa.tests.TC_ContactPageTest" name="verifyEmailIDTest" time="10.988">
    <failure type="java.lang.AssertionError" message="The following asserts failed:
	Invalid Email address expected [true] but found [false],
	Invalid Email address expected [true] but found [false]">
      <![CDATA[java.lang.AssertionError: The following asserts failed:
Invalid Email address expected [true] but found [false],
Invalid Email address expected [true] but found [false]
at com.qa.tests.TC_ContactPageTest.verifyEmailIDTest(TC_ContactPageTest.java:29)
at java.base/java.util.ArrayList.forEach(ArrayList.java:1511)
... Removed 29 stack frames]]>
    </failure>
  </testcase> <!-- verifyEmailIDTest -->
  <testcase classname="com.qa.tests.TC_ContactPageTest" name="verifyEmailIDTest" time="10.398">
    <failure type="java.lang.AssertionError" message="The following asserts failed:
	Invalid Email address expected [true] but found [false],
	Invalid Email address expected [true] but found [false],
	Invalid Email address expected [true] but found [false]">
      <![CDATA[java.lang.AssertionError: The following asserts failed:
Invalid Email address expected [true] but found [false],
Invalid Email address expected [true] but found [false],
Invalid Email address expected [true] but found [false]
at com.qa.tests.TC_ContactPageTest.verifyEmailIDTest(TC_ContactPageTest.java:29)
at java.base/java.util.ArrayList.forEach(ArrayList.java:1511)
... Removed 29 stack frames]]>
    </failure>
  </testcase> <!-- verifyEmailIDTest -->
  <testcase classname="com.qa.tests.TC_ContactPageTest" name="verifyEmailIDTest" time="10.329">
    <failure type="java.lang.AssertionError" message="The following asserts failed:
	Invalid Email address expected [true] but found [false],
	Invalid Email address expected [true] but found [false],
	Invalid Email address expected [true] but found [false],
	Invalid Email address expected [true] but found [false]">
      <![CDATA[java.lang.AssertionError: The following asserts failed:
Invalid Email address expected [true] but found [false],
Invalid Email address expected [true] but found [false],
Invalid Email address expected [true] but found [false],
Invalid Email address expected [true] but found [false]
at com.qa.tests.TC_ContactPageTest.verifyEmailIDTest(TC_ContactPageTest.java:29)
at java.base/java.util.ArrayList.forEach(ArrayList.java:1511)
... Removed 29 stack frames]]>
    </failure>
  </testcase> <!-- verifyEmailIDTest -->
</testsuite> <!-- ContactPage Test Cases -->
